TN:
SF:commander.js
FN:4,getkeysMerged
FN:11,genDiff
FN:36,action
FNF:3
FNH:3
FNDA:1,getkeysMerged
FNDA:1,genDiff
FNDA:1,action
DA:1,1
DA:2,1
DA:3,1
DA:4,1
DA:5,1
DA:6,1
DA:7,1
DA:8,1
DA:9,1
DA:10,1
DA:11,1
DA:12,1
DA:13,1
DA:14,1
DA:15,1
DA:16,0
DA:17,0
DA:18,0
DA:19,0
DA:20,0
DA:21,0
DA:22,0
DA:23,0
DA:24,0
DA:25,0
DA:26,0
DA:27,0
DA:28,0
DA:29,0
DA:30,0
DA:31,1
DA:32,1
DA:33,1
DA:34,1
DA:35,1
DA:36,1
DA:37,1
DA:38,1
DA:39,1
DA:40,1
DA:41,1
DA:42,1
DA:43,1
DA:44,1
DA:45,0
DA:46,0
DA:47,0
DA:48,1
DA:49,0
DA:50,0
DA:51,0
DA:52,1
DA:53,1
DA:54,1
DA:55,1
LF:55
LH:34
BRDA:4,0,0,1
BRDA:11,1,0,1
BRDA:15,2,0,0
BRDA:36,3,0,1
BRDA:44,4,0,0
BRDA:48,5,0,0
BRF:6
BRH:3
end_of_record
